<?xml version="1.0" encoding="UTF-8"?>
<!-- Generated by org.testng.reporters.JUnitReportReporter -->
<testsuite skipped="0" hostname="DESKTOP-89OTHQ5" name="com.pageTest.LoginTest" tests="1" failures="0" timestamp="25 Jul 2021 05:35:09 GMT" time="2.439" errors="0">
  <testcase name="logintest" time="2.439" classname="com.pageTest.LoginTest"/>
</testsuite> <!-- com.pageTest.LoginTest -->
