<?xml version="1.0" encoding="UTF-8"?>
<!-- Generated by org.testng.reporters.JUnitReportReporter -->
<testsuite skipped="0" hostname="DESKTOP-89OTHQ5" name="com.utility.ExcelUtils" tests="1" failures="0" timestamp="24 Jul 2021 05:43:39 GMT" time="2.158" errors="0">
  <testcase name="test01" time="2.158" classname="com.utility.ExcelUtils"/>
</testsuite> <!-- com.utility.ExcelUtils -->
