<?xml version="1.0" encoding="UTF-8"?>
<!-- Generated by org.testng.reporters.JUnitReportReporter -->
<testsuite skipped="0" hostname="DESKTOP-89OTHQ5" name="com.pageTest.LoginTest" tests="2" failures="0" timestamp="17 Jul 2021 05:15:24 GMT" time="3.457" errors="0">
  <testcase name="verifyCourses" time="0.458" classname="com.pageTest.LoginTest"/>
  <testcase name="logintest" time="2.999" classname="com.pageTest.LoginTest"/>
</testsuite> <!-- com.pageTest.LoginTest -->
