<?xml version="1.0" encoding="UTF-8"?>
<!-- Generated by org.testng.reporters.JUnitReportReporter -->
<testsuite skipped="0" hostname="DESKTOP-89OTHQ5" name="com.tests.DemoTest1" tests="1" failures="0" timestamp="16 Jun 2021 02:52:05 GMT" time="24.699" errors="0">
  <testcase name="test01" time="24.699" classname="com.tests.DemoTest1"/>
</testsuite> <!-- com.tests.DemoTest1 -->
